#
# There is insufficient memory for the Java Runtime Environment to continue.
# Native memory allocation (mmap) failed to map 132120576 bytes for G1 virtual space
# Possible reasons:
#   The system is out of physical RAM or swap space
#   The process is running with CompressedOops enabled, and the Java Heap may be blocking the growth of the native heap
# Possible solutions:
#   Reduce memory load on the system
#   Increase physical memory or swap space
#   Check if swap backing store is full
#   Decrease Java heap size (-Xmx/-Xms)
#   Decrease number of Java threads
#   Decrease Java thread stack sizes (-Xss)
#   Set larger code cache with -XX:ReservedCodeCacheSize=
#   JVM is running with Unscaled Compressed Oops mode in which the Java heap is
#     placed in the first 4GB address space. The Java Heap base address is the
#     maximum limit for the native heap growth. Please use -XX:HeapBaseMinAddress
#     to set the Java Heap base and to place the Java Heap above 4GB virtual address.
# This output file may be truncated or incomplete.
#
#  Out of Memory Error (./open/src/hotspot/os/windows/os_windows.cpp:3472), pid=3760, tid=3424
#
# JRE version:  (15.0+36) (build )
# Java VM: Java HotSpot(TM) 64-Bit Server VM (15+36-1562, mixed mode, sharing, tiered, compressed oops, g1 gc, windows-amd64)
# No core dump will be written. Minidumps are not enabled by default on client versions of Windows
#

---------------  S U M M A R Y ------------

Command Line: -Dfile.encoding=Cp1254 --module-path=C:\Users\yildirim\Desktop\sadasdasdasdasd\Florest\bin;C:\Users\yildirim\Desktop\sqljdbc_8.4.1.0_enu\sqljdbc_8.4\enu\mssql-jdbc-8.4.1.jre11.jar;C:\Users\yildirim\Downloads\sqlite-jdbc-3.32.3.2 (2).jar -XX:+ShowCodeDetailsInExceptionMessages -Djdk.module.main=Florest Florest/florist.Index

Host: Intel(R) Core(TM) i7-8750H CPU @ 2.20GHz, 12 cores, 7G,  Windows 10 , 64 bit Build 19041 (10.0.19041.662)
Time: Sun Dec 27 16:30:42 2020 Türkiye Standart Saati elapsed time: 0.017197 seconds (0d 0h 0m 0s)

---------------  T H R E A D  ---------------

Current thread (0x000001cccd5b4a10):  JavaThread "Unknown thread" [_thread_in_vm, id=3424, stack(0x0000009921a00000,0x0000009921b00000)]

Stack: [0x0000009921a00000,0x0000009921b00000]
Native frames: (J=compiled Java code, j=interpreted, Vv=VM code, C=native code)
V  [jvm.dll+0x629eaa]
V  [jvm.dll+0x780379]
V  [jvm.dll+0x781ad3]
V  [jvm.dll+0x782133]
V  [jvm.dll+0x2159d5]
V  [jvm.dll+0x627299]
V  [jvm.dll+0x61bdd5]
V  [jvm.dll+0x2cf96d]
V  [jvm.dll+0x2cf7d2]
V  [jvm.dll+0x2d57ac]
V  [jvm.dll+0x32523a]
V  [jvm.dll+0x324904]
V  [jvm.dll+0x2a68ea]
V  [jvm.dll+0x2a7a88]
V  [jvm.dll+0x75d0f1]
V  [jvm.dll+0x333af4]
V  [jvm.dll+0x73d816]
V  [jvm.dll+0x3b68e7]
V  [jvm.dll+0x3b8371]
C  [jli.dll+0x52fb]
C  [ucrtbase.dll+0x214c2]
C  [KERNEL32.DLL+0x17034]
C  [ntdll.dll+0x4d0d1]


---------------  P R O C E S S  ---------------

Threads class SMR info:
_java_thread_list=0x00007ffd43592fa0, length=0, elements={
}

Java Threads: ( => current thread )

Other Threads:
  0x000001cccd5f4b40 GCTaskThread "GC Thread#0" [stack: 0x0000009921b00000,0x0000009921c00000] [id=10736]
  0x000001cccd6061b0 ConcurrentGCThread "G1 Main Marker" [stack: 0x0000009921c00000,0x0000009921d00000] [id=13712]
  0x000001cccd607e30 ConcurrentGCThread "G1 Conc#0" [stack: 0x0000009921d00000,0x0000009921e00000] [id=19212]

[error occurred during error reporting (printing all threads), id 0xc0000005, EXCEPTION_ACCESS_VIOLATION (0xc0000005) at pc=0x00007ffd42d877b7]

VM state: not at safepoint (not fully initialized)

VM Mutex/Monitor currently owned by a thread:  ([mutex/lock_event])
[0x000001cccd5b0940] Heap_lock - owner thread: 0x000001cccd5b4a10

Heap address: 0x0000000082000000, size: 2016 MB, Compressed Oops mode: 32-bit
CDS archive(s) mapped at: [0x0000000000000000-0x0000000000000000-0x0000000000000000), size 0, SharedBaseAddress: 0x0000000800000000, ArchiveRelocationMode: 0.
Narrow klass base: 0x0000000000000000, Narrow klass shift: 0, Narrow klass range: 0x0

Heap:
 garbage-first heap   total 129024K, used 0K [0x0000000082000000, 0x0000000100000000)
  region size 1024K, 0 young (0K), 0 survivors (0K)
 Metaspace       used 0K, capacity 0K, committed 0K, reserved 0K
  class space    used 0K, capacity 0K, committed 0K, reserved 0K

Heap Regions: E=young(eden), S=young(survivor), O=old, HS=humongous(starts), HC=humongous(continues), CS=collection set, F=free, OA=open archive, CA=closed archive, TAMS=top-at-mark-start (previous, next)

Card table byte_map: [0x000001cce5130000,0x000001cce5520000] _byte_map_base: 0x000001cce4d20000

Marking Bits (Prev, Next): (CMBitMap*) 0x000001cccd5f53b0, (CMBitMap*) 0x000001cccd5f53f0
 Prev Bits: [0x000001cce5910000, 0x000001cce7890000)
 Next Bits: [0x000001cce7890000, 0x000001cce9810000)

GC Heap History (0 events):
No events

Deoptimization events (0 events):
No events

Classes unloaded (0 events):
No events

Classes redefined (0 events):
No events

Internal exceptions (0 events):
No events

Events (1 events):
Event: 0.008 Loaded shared library C:\Program Files\Java\jdk-15\bin\java.dll


Dynamic libraries:
0x00007ff6daca0000 - 0x00007ff6dacaf000 	C:\Program Files\Java\jdk-15\bin\javaw.exe
0x00007ffdcae50000 - 0x00007ffdcb046000 	C:\WINDOWS\SYSTEM32\ntdll.dll
0x00007ffdc9a60000 - 0x00007ffdc9b1d000 	C:\WINDOWS\System32\KERNEL32.DLL
0x00007ffdc8900000 - 0x00007ffdc8bc9000 	C:\WINDOWS\System32\KERNELBASE.dll
0x00007ffdc8bd0000 - 0x00007ffdc8cd0000 	C:\WINDOWS\System32\ucrtbase.dll
0x00007ffdc0f40000 - 0x00007ffdc0f59000 	C:\Program Files\Java\jdk-15\bin\VCRUNTIME140.dll
0x00007ffdc0f00000 - 0x00007ffdc0f18000 	C:\Program Files\Java\jdk-15\bin\jli.dll
0x00007ffdca3e0000 - 0x00007ffdca48c000 	C:\WINDOWS\System32\ADVAPI32.dll
0x00007ffdcad00000 - 0x00007ffdcad9e000 	C:\WINDOWS\System32\msvcrt.dll
0x00007ffdca860000 - 0x00007ffdca8fc000 	C:\WINDOWS\System32\sechost.dll
0x00007ffdc8fe0000 - 0x00007ffdc910b000 	C:\WINDOWS\System32\RPCRT4.dll
0x00007ffdca4a0000 - 0x00007ffdca640000 	C:\WINDOWS\System32\USER32.dll
0x00007ffdc8670000 - 0x00007ffdc8692000 	C:\WINDOWS\System32\win32u.dll
0x00007ffdb4af0000 - 0x00007ffdb4d8b000 	C:\WINDOWS\WinSxS\amd64_microsoft.windows.common-controls_6595b64144ccf1df_6.0.19041.488_none_ca04af081b815d21\COMCTL32.dll
0x00007ffdca760000 - 0x00007ffdca78a000 	C:\WINDOWS\System32\GDI32.dll
0x00007ffdc87f0000 - 0x00007ffdc88f9000 	C:\WINDOWS\System32\gdi32full.dll
0x00007ffdc8700000 - 0x00007ffdc879d000 	C:\WINDOWS\System32\msvcp_win.dll
0x00007ffdc04f0000 - 0x00007ffdc04fa000 	C:\WINDOWS\SYSTEM32\VERSION.dll
0x00007ffdc9b20000 - 0x00007ffdc9b50000 	C:\WINDOWS\System32\IMM32.DLL
0x00007ffdc2f10000 - 0x00007ffdc2f1c000 	C:\Program Files\Java\jdk-15\bin\vcruntime140_1.dll
0x00007ffd84be0000 - 0x00007ffd84c71000 	C:\Program Files\Java\jdk-15\bin\msvcp140.dll
0x00007ffd42ad0000 - 0x00007ffd4362c000 	C:\Program Files\Java\jdk-15\bin\server\jvm.dll
0x00007ffdca640000 - 0x00007ffdca648000 	C:\WINDOWS\System32\PSAPI.DLL
0x00007ffda1f10000 - 0x00007ffda1f19000 	C:\WINDOWS\SYSTEM32\WSOCK32.dll
0x00007ffdb56c0000 - 0x00007ffdb56e7000 	C:\WINDOWS\SYSTEM32\WINMM.dll
0x00007ffdcada0000 - 0x00007ffdcae0b000 	C:\WINDOWS\System32\WS2_32.dll
0x00007ffdc64c0000 - 0x00007ffdc64d2000 	C:\WINDOWS\SYSTEM32\kernel.appcore.dll
0x00007ffdc2c50000 - 0x00007ffdc2c5a000 	C:\Program Files\Java\jdk-15\bin\jimage.dll
0x00007ffda1fb0000 - 0x00007ffda2194000 	C:\WINDOWS\SYSTEM32\DBGHELP.DLL
0x00007ffda1d40000 - 0x00007ffda1d6c000 	C:\WINDOWS\SYSTEM32\dbgcore.DLL
0x00007ffdc8e30000 - 0x00007ffdc8eb0000 	C:\WINDOWS\System32\bcryptPrimitives.dll
0x00007ffdb1500000 - 0x00007ffdb1525000 	C:\Program Files\Java\jdk-15\bin\java.dll

dbghelp: loaded successfully - version: 4.0.5 - missing functions: none
symbol engine: initialized successfully - sym options: 0x614 - pdb path: .;C:\Program Files\Java\jdk-15\bin;C:\WINDOWS\SYSTEM32;C:\WINDOWS\WinSxS\amd64_microsoft.windows.common-controls_6595b64144ccf1df_6.0.19041.488_none_ca04af081b815d21;C:\Program Files\Java\jdk-15\bin\server

VM Arguments:
jvm_args: -Dfile.encoding=Cp1254 --module-path=C:\Users\yildirim\Desktop\sadasdasdasdasd\Florest\bin;C:\Users\yildirim\Desktop\sqljdbc_8.4.1.0_enu\sqljdbc_8.4\enu\mssql-jdbc-8.4.1.jre11.jar;C:\Users\yildirim\Downloads\sqlite-jdbc-3.32.3.2 (2).jar -XX:+ShowCodeDetailsInExceptionMessages -Djdk.module.main=Florest 
java_command: Florest/florist.Index
java_class_path (initial): C:\Users\yildirim\.p2\pool\plugins\org.junit.jupiter.api_5.6.0.v20200203-2009.jar;C:\Users\yildirim\.p2\pool\plugins\org.junit.jupiter.engine_5.6.0.v20200203-2009.jar;C:\Users\yildirim\.p2\pool\plugins\org.junit.jupiter.migrationsupport_5.6.0.v20200203-2009.jar;C:\Users\yildirim\.p2\pool\plugins\org.junit.jupiter.params_5.6.0.v20200203-2009.jar;C:\Users\yildirim\.p2\pool\plugins\org.junit.platform.commons_1.6.0.v20200203-2009.jar;C:\Users\yildirim\.p2\pool\plugins\org.junit.platform.engine_1.6.0.v20200203-2009.jar;C:\Users\yildirim\.p2\pool\plugins\org.junit.platform.launcher_1.6.0.v20200203-2009.jar;C:\Users\yildirim\.p2\pool\plugins\org.junit.platform.runner_1.6.0.v20200203-2009.jar;C:\Users\yildirim\.p2\pool\plugins\org.junit.platform.suite.api_1.6.0.v20200203-2009.jar;C:\Users\yildirim\.p2\pool\plugins\org.junit.vintage.engine_5.6.0.v20200203-2009.jar;C:\Users\yildirim\.p2\pool\plugins\org.opentest4j_1.2.0.v20190826-0900.jar;C:\Users\yildirim\.p2\pool\plugins\org.apiguardian_1.1.0.v20190826-0900.jar;C:\Users\yildirim\.p2\pool\plugins\org.junit_4.13.0.v20200204-1500.jar;C:\Users\yildirim\.p2\pool\plugins\org.hamcrest.core_1.3.0.v20180420-1519.jar
Launcher Type: SUN_STANDARD

[Global flags]
     intx CICompilerCount                          = 4                                         {product} {ergonomic}
     uint ConcGCThreads                            = 3                                         {product} {ergonomic}
     uint G1ConcRefinementThreads                  = 10                                        {product} {ergonomic}
   size_t G1HeapRegionSize                         = 1048576                                   {product} {ergonomic}
    uintx GCDrainStackTargetSize                   = 64                                        {product} {ergonomic}
   size_t InitialHeapSize                          = 132120576                                 {product} {ergonomic}
   size_t MarkStackSize                            = 4194304                                   {product} {ergonomic}
   size_t MaxHeapSize                              = 2113929216                                {product} {ergonomic}
   size_t MinHeapDeltaBytes                        = 1048576                                   {product} {ergonomic}
   size_t MinHeapSize                              = 8388608                                   {product} {ergonomic}
    uintx NonNMethodCodeHeapSize                   = 5839372                                {pd product} {ergonomic}
    uintx NonProfiledCodeHeapSize                  = 122909434                              {pd product} {ergonomic}
    uintx ProfiledCodeHeapSize                     = 122909434                              {pd product} {ergonomic}
    uintx ReservedCodeCacheSize                    = 251658240                              {pd product} {ergonomic}
     bool SegmentedCodeCache                       = true                                      {product} {ergonomic}
     bool ShowCodeDetailsInExceptionMessages       = true                                   {manageable} {command line}
   size_t SoftMaxHeapSize                          = 2113929216                             {manageable} {ergonomic}
     bool UseCompressedClassPointers               = true                                 {lp64_product} {ergonomic}
     bool UseCompressedOops                        = true                                 {lp64_product} {ergonomic}
     bool UseG1GC                                  = true                                      {product} {ergonomic}
     bool UseLargePagesIndividualAllocation        = false                                  {pd product} {ergonomic}

Logging:
Log output configuration:
 #0: stdout all=warning uptime,level,tags
 #1: stderr all=off uptime,level,tags

Environment Variables:
PATH=C:\Program Files\Common Files\Oracle\Java\javapath;C:\Program Files (x86)\Common Files\Oracle\Java\javapath;C:\Program Files (x86)\Intel\Intel(R) Management Engine Components\iCLS\;C:\Program Files\Intel\Intel(R) Management Engine Components\iCLS\;C:\Windows\system32;C:\Windows;C:\Windows\System32\Wbem;C:\Windows\System32\WindowsPowerShell\v1.0\;C:\Windows\System32\OpenSSH\;C:\Program Files (x86)\NVIDIA Corporation\PhysX\Common;C:\Program Files\Intel\WiFi\bin\;C:\Program Files\Common Files\Intel\WirelessCommon\;C:\Program Files (x86)\Intel\Intel(R) Management Engine Components\DAL;C:\Program Files\Intel\Intel(R) Management Engine Components\DAL;C:\Program Files\NVIDIA Corporation\NVIDIA NvDLISR;C:\Program Files\Java\jdk1.8.0_201\bin;C:\Program Files\Java\jre1.8.0_201\bin;C:\WINDOWS\system32;C:\WINDOWS;C:\WINDOWS\System32\Wbem;C:\WINDOWS\System32\WindowsPowerShell\v1.0\;C:\WINDOWS\System32\OpenSSH\;C:\opencv\build\x64\vc14\bin;C:\Program Files (x86)\gnupg\bin;C:\Program Files\Microsoft SQL Server\Client SDK\ODBC\170\Tools\Binn\;C:\Program Files (x86)\Microsoft SQL Server\150\Tools\Binn\;C:\Program Files\Microsoft SQL Server\150\Tools\Binn\;C:\Program Files\Microsoft SQL Server\150\DTS\Binn\;C:\Program Files (x86)\Microsoft SQL Server\150\DTS\Binn\;C:\Program Files\nodejs\;C:\ProgramData\chocolatey\bin;C:\Users\yildirim\AppData\Local\Programs\Python\Python39\Scripts\;C:\Users\yildirim\AppData\Local\Programs\Python\Python39\;C:\Users\yildirim\AppData\Local\Programs\Python\Python37\Scripts\;C:\Users\yildirim\AppData\Local\Programs\Python\Python37\;C:\Program Files\MySQL\MySQL Shell 8.0\bin\;C:\Users\yildirim\AppData\Local\Microsoft\WindowsApps;C:\Program Files\JetBrains\PyCharm 2019.2.1\bin;C:\Users\yildirim\AppData\Local\GitHubDesktop\bin;"?C:\opencv\build\x64\vc14\bin;?C:\Windows\SysWOW64";C:\Users\yildirim\AppData\Local\Programs\Microsoft VS Code\bin;C:\Users\yildirim\AppData\Local\Microsoft\WindowsApps;C:\Users\yildirim\AppData\Roaming\npm
USERNAME=Mevlüt
OS=Windows_NT
PROCESSOR_IDENTIFIER=Intel64 Family 6 Model 158 Stepping 10, GenuineIntel



---------------  S Y S T E M  ---------------

OS:
 Windows 10 , 64 bit Build 19041 (10.0.19041.662)
OS uptime: 15 days 3:27 hours

CPU: total 12 (initial active 12) (6 cores per cpu, 2 threads per core) family 6 model 158 stepping 10, cmov, cx8, fxsr, mmx, sse, sse2, sse3, ssse3, sse4.1, sse4.2, popcnt, vzeroupper, avx, avx2, aes, clmul, erms, 3dnowpref, lzcnt, ht, tsc, tscinvbit, bmi1, bmi2, adx, fma, clflush, clflushopt

Memory: 4k page, system-wide physical 8063M (471M free)
TotalPageFile size 32639M (AvailPageFile size 95M)
current process WorkingSet (physical memory assigned to process): 10M, peak: 10M
current process commit charge ("private bytes"): 64M, peak: 190M

vm_info: Java HotSpot(TM) 64-Bit Server VM (15+36-1562) for windows-amd64 JRE (15+36-1562), built on Aug 11 2020 22:38:02 by "mach5one" with unknown MS VC++:1925

END.
